---
# Leave the homepage title empty to use the site title
title:
date: 2022-10-24
type: landing

sections:
  - block: slider
    content:
      slides:
      - title: Lunch & Learn ☕️
        content: 
        align: left
        background:
          image:
            filename: contact.jpg
            filters:
              brightness: 0.7
          position: center
          color: '#555'
      - title: World-Class Semiconductor Lab
        content:
        align: right
        background:
          image:
            filename: welcome.jpg
            filters:
              brightness: 0.5
          position: center
          color: '#333'
    design:
      # Slide height is automatic unless you force a specific height (e.g. '400px')
      slide_height: '400px'
      is_fullscreen: false
      # Automatically transition through slides?
      loop: yes
      # Duration of transition between slides (in ms)
      interval: 5000
  - block: hero
    content:
      title: 
      image:
        filename: model_scales.png
      text: |
        👋 Welcome

        Our research lab focuses on developing theoretical and computational methods to study biological processes across different temporal and spatial scales. 
        We integrate physics, molecular simulations, and machine learning to unravel the mechanisms of essential biological machineries and design molecules for treating related diseases. 
        We strive to build a diverse team, bringing together a wide range of backgrounds and expertise.
    #design:
    #  background:
    #      image:
              # Name of image in `assets/media/`.
    #          filename: coders.jpg
              # Apply image filters?
    #          filters:
                  # Darken the image? Range 0-1 where 1 is transparent and 0 is opaque.
    #              brightness: 0.5
              #  Image fit. Options are `cover` (default), `contain`, or `actual` size.
    #          size: cover
              # Image focal point. Options include `left`, `center` (default), or `right`.
    #          position: center
              # Use a fun parallax-like fixed background effect on desktop? true/false
    #          parallax: true
              # Text color (true=light, false=dark, or remove for the dynamic theme color).
    #          text_color_light: true
  
  - block: collection
    content:
      #title: News
      subtitle:
      text: 
      count: 5
      filters:
        author: ''
        category: ''
        exclude_featured: false
        publication_type: ''
        tag: ''
      offset: 0
      order: desc
      page_type: post
    design:
      view: card
      columns: '1'
  
#  - block: markdown
#    content:
#      title:
#      subtitle:
#      text: |
#        {{% cta cta_link="./people/" cta_text="Meet the team →" %}}
#    design:
#      columns: '1'

---